<?xml version="1.0" encoding="UTF-8"?>
<!-- Generated by org.testng.reporters.JUnitReportReporter -->
<testsuite hostname="RanjithumarsMBP.lan" failures="0" tests="5" name="tests.LoginTest" time="47.289" errors="0" timestamp="2025-02-26T10:26:37 EST" skipped="0">
  <testcase classname="tests.LoginTest" name="loginErrorMsg_TC01" time="7.184"/>
  <testcase classname="tests.LoginTest" name="login_TC02" time="10.766"/>
  <testcase classname="tests.LoginTest" name="loginErrorMsg_TC03" time="11.946"/>
  <testcase classname="tests.LoginTest" name="forgetPassWord_TC04A" time="8.934"/>
  <testcase classname="tests.LoginTest" name="forgotPassWord_TC04B" time="8.459"/>
</testsuite> <!-- tests.LoginTest -->
