<?xml version="1.0" encoding="UTF-8"?>
<!-- Generated by org.testng.reporters.JUnitReportReporter -->
<testsuite hostname="RanjithumarsMBP.lan" failures="0" tests="1" name="tests.ContactsTest" time="7.439" errors="0" timestamp="2025-02-20T19:56:53 EST" skipped="0">
  <testcase classname="tests.ContactsTest" name="loginErrorMsg_TC32" time="7.439"/>
</testsuite> <!-- tests.ContactsTest -->
