<?xml version="1.0" encoding="UTF-8"?>
<!-- Generated by org.testng.reporters.JUnitReportReporter -->
<testsuite hostname="RanjithumarsMBP.lan" failures="0" tests="1" name="tests.LeadsTest" time="6.555" errors="0" timestamp="2025-02-17T23:39:10 EST" skipped="0">
  <testcase classname="tests.LeadsTest" name="leadsSelectView_TC21" time="6.555"/>
</testsuite> <!-- tests.LeadsTest -->
