<?xml version="1.0" encoding="UTF-8"?>
<!-- Generated by org.testng.reporters.JUnitReportReporter -->
<testsuite hostname="RanjithumarsMBP.lan" failures="0" tests="1" name="tests.RandomScenarioTest" time="16.694" errors="0" timestamp="2025-02-20T22:26:08 EST" skipped="0">
  <testcase classname="tests.RandomScenarioTest" name="RandomScenarios_TC33" time="16.694"/>
</testsuite> <!-- tests.RandomScenarioTest -->
