<?xml version="1.0" encoding="UTF-8"?>
<!-- Generated by org.testng.reporters.JUnitReportReporter -->
<testsuite hostname="RanjithumarsMBP.lan" failures="0" tests="5" name="tests.UserMenuTest" time="60.832" errors="0" timestamp="2025-02-26T10:26:37 EST" skipped="0">
  <testcase classname="tests.UserMenuTest" name="userMenuDropdown_TC05" time="9.443"/>
  <testcase classname="tests.UserMenuTest" name="UserProfile_TC06" time="12.290"/>
  <testcase classname="tests.UserMenuTest" name="loginErrorMsg_TC07" time="4.767"/>
  <testcase classname="tests.UserMenuTest" name="DevelopersConsole_TC08" time="22.929"/>
  <testcase classname="tests.UserMenuTest" name="loginPageCheck_TC09" time="11.403"/>
</testsuite> <!-- tests.UserMenuTest -->
