<?xml version="1.0" encoding="UTF-8"?>
<!-- Generated by org.testng.reporters.JUnitReportReporter -->
<testsuite hostname="RanjithumarsMBP.lan" failures="0" tests="1" name="tests.AccountTest" time="84.274" errors="0" timestamp="2025-02-14T15:45:31 EST" skipped="0">
  <testcase classname="tests.AccountTest" name="AccountCheck_TC10" time="84.274"/>
</testsuite> <!-- tests.AccountTest -->
