<?xml version="1.0" encoding="UTF-8"?>
<!-- Generated by org.testng.reporters.JUnitReportReporter -->
<testsuite hostname="RanjithumarsMBP.lan" failures="0" tests="1" name="tests.OpportunityTest" time="5.872" errors="0" timestamp="2025-02-14T17:53:47 EST" skipped="0">
  <testcase classname="tests.OpportunityTest" name="Opportunity_TC15" time="5.872"/>
</testsuite> <!-- tests.OpportunityTest -->
