<?xml version="1.0" encoding="UTF-8"?>
<!-- Generated by org.testng.reporters.JUnitReportReporter -->
<testsuite hostname="RanjithumarsMBP.lan" failures="0" tests="1" name="automationframeworks.DemoTestNg" time="0.010" errors="0" timestamp="2025-02-06T20:44:18 EST" skipped="0">
  <testcase classname="automationframeworks.DemoTestNg" name="printtxt" time="0.010"/>
</testsuite> <!-- automationframeworks.DemoTestNg -->
